2025-12-22 21:39:23 INFO: register_failed
2025-12-22 22:00:20 INFO: MongoDB connected
2025-12-22 22:00:20 INFO: register_success
2025-12-22 22:00:21 INFO: register_success
2025-12-22 22:00:21 INFO: register_failed
2025-12-22 22:00:21 INFO: register_success
2025-12-22 22:00:21 INFO: login_success
2025-12-22 22:00:21 INFO: register_failed
2025-12-22 22:00:22 INFO: login_failed
2025-12-22 22:00:22 INFO: register_failed
2025-12-22 22:00:22 INFO: login_fail_no_user
2025-12-22 22:00:22 INFO: register_success
2025-12-22 22:16:51 INFO: MongoDB connected
2025-12-22 22:16:51 INFO: register_failed
2025-12-22 22:16:51 INFO: register_failed
2025-12-22 22:16:51 INFO: register_failed
2025-12-22 22:16:51 INFO: register_failed
2025-12-22 22:16:52 INFO: login_success
2025-12-22 22:16:52 INFO: register_failed
2025-12-22 22:16:52 INFO: login_failed
2025-12-22 22:16:52 INFO: register_failed
2025-12-22 22:16:52 INFO: login_fail_no_user
2025-12-22 22:16:52 INFO: register_failed
2025-12-22 22:17:37 INFO: MongoDB connected
2025-12-22 22:17:37 INFO: register_failed
2025-12-22 22:17:37 INFO: register_failed
2025-12-22 22:17:37 INFO: register_failed
2025-12-22 22:17:37 INFO: register_failed
2025-12-22 22:17:37 INFO: login_success
2025-12-22 22:17:38 INFO: register_failed
2025-12-22 22:17:38 INFO: login_failed
2025-12-22 22:17:38 INFO: register_failed
2025-12-22 22:17:38 INFO: login_fail_no_user
2025-12-22 22:17:38 INFO: register_failed
2025-12-22 22:23:03 ERROR: register_error
2025-12-22 22:23:08 ERROR: register_error
2025-12-22 22:23:13 ERROR: register_error
2025-12-22 22:23:18 ERROR: register_error
2025-12-22 22:23:18 ERROR: register_error
2025-12-22 22:23:23 ERROR: register_error
2025-12-22 22:23:28 ERROR: register_error
2025-12-22 22:23:33 ERROR: register_error
2025-12-22 22:23:38 ERROR: register_error
2025-12-22 22:23:38 ERROR: login_error
2025-12-22 22:23:43 ERROR: register_error
2025-12-22 22:23:43 ERROR: login_error
2025-12-22 22:23:48 ERROR: login_error
2025-12-22 22:23:53 ERROR: login_error
2025-12-22 22:25:22 INFO: MongoDB connected
2025-12-22 22:25:22 INFO: register_failed
2025-12-22 22:25:22 INFO: register_failed
2025-12-22 22:25:22 INFO: register_failed
2025-12-22 22:25:22 INFO: register_failed
2025-12-22 22:25:22 INFO: login_success
2025-12-22 22:25:22 INFO: register_failed
2025-12-22 22:25:23 INFO: login_failed
2025-12-22 22:25:23 INFO: register_failed
2025-12-22 22:25:23 INFO: login_fail_no_user
2025-12-22 22:25:23 INFO: register_failed
2025-12-22 22:31:51 INFO: MongoDB connected
2025-12-22 22:31:51 INFO: register_failed
2025-12-22 22:31:51 INFO: register_failed
2025-12-22 22:31:51 INFO: register_failed
2025-12-22 22:31:51 INFO: register_failed
2025-12-22 22:31:51 INFO: login_success
2025-12-22 22:31:52 INFO: register_failed
2025-12-22 22:31:52 INFO: login_failed
2025-12-22 22:31:52 INFO: register_failed
2025-12-22 22:31:52 INFO: login_fail_no_user
2025-12-22 22:31:52 INFO: register_failed
2025-12-22 22:33:43 INFO: MongoDB connected
2025-12-22 22:33:44 INFO: register_failed
2025-12-22 22:33:44 INFO: register_failed
2025-12-22 22:33:44 INFO: register_failed
2025-12-22 22:33:44 INFO: register_failed
2025-12-22 22:33:44 INFO: login_success
2025-12-22 22:33:44 INFO: register_failed
2025-12-22 22:33:44 INFO: login_failed
2025-12-22 22:33:44 INFO: register_failed
2025-12-22 22:33:44 INFO: login_fail_no_user
2025-12-22 22:33:44 INFO: register_failed
2025-12-22 22:34:07 INFO: MongoDB connected
2025-12-22 22:34:07 INFO: register_failed
2025-12-22 22:34:07 INFO: register_failed
2025-12-22 22:34:07 INFO: register_failed
2025-12-22 22:34:07 INFO: register_failed
2025-12-22 22:34:08 INFO: login_success
2025-12-22 22:34:08 INFO: register_failed
2025-12-22 22:34:08 INFO: login_failed
2025-12-22 22:34:08 INFO: register_failed
2025-12-22 22:34:08 INFO: login_fail_no_user
2025-12-22 22:34:08 INFO: register_failed
2025-12-22 22:49:35 INFO: MongoDB connected
2025-12-22 22:49:35 INFO: register_failed
2025-12-22 22:49:35 INFO: register_failed
2025-12-22 22:49:35 INFO: register_failed
2025-12-22 22:49:35 INFO: register_failed
2025-12-22 22:49:36 INFO: login_success
2025-12-22 22:49:36 INFO: register_failed
2025-12-22 22:49:36 INFO: login_failed
2025-12-22 22:49:36 INFO: register_failed
2025-12-22 22:49:36 INFO: login_fail_no_user
2025-12-22 22:49:36 INFO: register_failed
2025-12-22 22:52:11 INFO: MongoDB connected
2025-12-22 22:52:11 INFO: Server started on port 4000
2025-12-22 22:52:15 INFO: register_failed
2025-12-22 22:52:20 INFO: register_success
2025-12-22 22:52:36 INFO: login_failed
2025-12-22 22:52:40 INFO: login_success
2025-12-22 22:53:31 INFO: MongoDB connected
2025-12-22 22:53:31 INFO: register_failed
2025-12-22 22:53:31 INFO: register_failed
2025-12-22 22:53:31 INFO: register_failed
2025-12-22 22:53:31 INFO: register_failed
2025-12-22 22:53:32 INFO: login_success
2025-12-22 22:53:32 INFO: register_failed
2025-12-22 22:53:32 INFO: login_failed
2025-12-22 22:53:32 INFO: register_failed
2025-12-22 22:53:32 INFO: login_fail_no_user
2025-12-22 22:53:32 INFO: register_failed
2025-12-22 22:56:13 INFO: MongoDB connected
2025-12-22 22:56:13 INFO: register_failed
2025-12-22 22:56:13 INFO: register_failed
2025-12-22 22:56:14 INFO: register_failed
2025-12-22 22:56:14 INFO: register_failed
2025-12-22 22:56:14 INFO: login_success
2025-12-22 22:56:14 INFO: register_failed
2025-12-22 22:56:14 INFO: login_failed
2025-12-22 22:56:14 INFO: register_failed
2025-12-22 22:56:14 INFO: login_fail_no_user
2025-12-22 22:56:14 INFO: register_failed
2025-12-22 22:58:57 INFO: MongoDB connected
2025-12-22 22:58:58 INFO: register_failed
2025-12-22 22:58:58 INFO: register_failed
2025-12-22 22:58:58 INFO: register_failed
2025-12-22 22:58:58 INFO: register_failed
2025-12-22 22:58:58 INFO: login_success
2025-12-22 22:58:58 INFO: register_failed
2025-12-22 22:58:58 INFO: login_failed
2025-12-22 22:58:58 INFO: register_failed
2025-12-22 22:58:58 INFO: login_fail_no_user
2025-12-22 22:58:58 INFO: register_failed
2025-12-22 23:02:04 INFO: MongoDB connected
2025-12-22 23:02:04 INFO: register_success
2025-12-22 23:02:05 INFO: register_success
2025-12-22 23:02:05 INFO: register_failed
2025-12-22 23:02:05 INFO: register_success
2025-12-22 23:02:05 INFO: login_success
2025-12-22 23:02:05 INFO: register_failed
2025-12-22 23:02:06 INFO: login_failed
2025-12-22 23:02:06 INFO: register_failed
2025-12-22 23:02:06 INFO: login_fail_no_user
2025-12-22 23:02:06 INFO: register_success
2025-12-22 23:04:17 INFO: MongoDB connected
2025-12-22 23:04:17 INFO: register_failed
2025-12-22 23:04:17 INFO: register_failed
2025-12-22 23:04:17 INFO: register_failed
2025-12-22 23:04:17 INFO: register_failed
2025-12-22 23:04:18 INFO: login_success
2025-12-22 23:04:18 INFO: register_failed
2025-12-22 23:04:18 INFO: login_failed
2025-12-22 23:04:18 INFO: register_failed
2025-12-22 23:04:18 INFO: login_fail_no_user
2025-12-22 23:04:18 INFO: register_failed
2025-12-22 23:13:59 INFO: MongoDB connected
2025-12-22 23:13:59 INFO: register_failed
2025-12-22 23:13:59 INFO: register_failed
2025-12-22 23:13:59 INFO: register_failed
2025-12-22 23:13:59 INFO: register_failed
2025-12-22 23:14:00 INFO: login_success
2025-12-22 23:14:00 INFO: register_failed
2025-12-22 23:14:00 INFO: login_failed
2025-12-22 23:14:00 INFO: register_failed
2025-12-22 23:14:00 INFO: login_fail_no_user
2025-12-22 23:14:00 INFO: register_failed
2025-12-22 23:17:32 INFO: MongoDB connected
2025-12-22 23:17:33 INFO: register_failed
2025-12-22 23:17:33 INFO: register_failed
2025-12-22 23:17:33 INFO: register_failed
2025-12-22 23:17:33 INFO: register_failed
2025-12-22 23:17:33 INFO: login_success
2025-12-22 23:17:33 INFO: register_failed
2025-12-22 23:17:33 INFO: login_failed
2025-12-22 23:17:33 INFO: register_failed
2025-12-22 23:17:33 INFO: login_fail_no_user
2025-12-22 23:17:33 INFO: register_failed
2025-12-22 23:32:53 INFO: MongoDB connected
2025-12-22 23:32:54 INFO: register_success
2025-12-22 23:32:54 INFO: register_success
2025-12-22 23:32:54 INFO: register_failed
2025-12-22 23:32:55 INFO: register_success
2025-12-22 23:32:55 INFO: login_success
2025-12-22 23:32:55 INFO: register_failed
2025-12-22 23:32:55 INFO: login_failed
2025-12-22 23:32:55 INFO: register_failed
2025-12-22 23:32:55 INFO: login_fail_no_user
2025-12-22 23:32:56 INFO: register_success
2025-12-22 23:32:56 INFO: login_success
2025-12-22 23:32:56 INFO: register_failed
2025-12-22 23:32:56 INFO: login_success
2025-12-22 23:32:56 INFO: refresh_success
2025-12-22 23:32:57 INFO: register_success
2025-12-22 23:32:57 INFO: login_success
2025-12-22 23:32:57 INFO: register_success
2025-12-22 23:32:58 INFO: login_success
2025-12-22 23:32:58 INFO: Private route accessed
2025-12-22 23:33:52 INFO: MongoDB connected
2025-12-22 23:33:52 INFO: register_failed
2025-12-22 23:33:52 INFO: register_failed
2025-12-22 23:33:52 INFO: register_failed
2025-12-22 23:33:52 INFO: register_failed
2025-12-22 23:33:53 INFO: login_success
2025-12-22 23:33:53 INFO: register_failed
2025-12-22 23:33:53 INFO: login_failed
2025-12-22 23:33:53 INFO: register_failed
2025-12-22 23:33:53 INFO: login_fail_no_user
2025-12-22 23:33:53 INFO: register_failed
2025-12-22 23:33:53 INFO: login_success
2025-12-22 23:33:53 INFO: register_failed
2025-12-22 23:33:54 INFO: login_success
2025-12-22 23:33:54 INFO: refresh_success
2025-12-22 23:33:54 INFO: register_failed
2025-12-22 23:33:54 INFO: login_success
2025-12-22 23:33:54 INFO: register_failed
2025-12-22 23:33:54 INFO: login_success
2025-12-22 23:33:54 INFO: Private route accessed
2025-12-22 23:34:42 INFO: MongoDB connected
2025-12-22 23:34:42 INFO: register_failed
2025-12-22 23:34:42 INFO: register_failed
2025-12-22 23:34:42 INFO: register_failed
2025-12-22 23:34:42 INFO: register_failed
2025-12-22 23:34:42 INFO: login_success
2025-12-22 23:34:42 INFO: register_failed
2025-12-22 23:34:42 INFO: login_failed
2025-12-22 23:34:42 INFO: register_failed
2025-12-22 23:34:42 INFO: login_fail_no_user
2025-12-22 23:34:43 INFO: register_failed
2025-12-22 23:34:43 INFO: login_success
2025-12-22 23:34:43 INFO: register_failed
2025-12-22 23:34:43 INFO: login_success
2025-12-22 23:34:43 INFO: refresh_success
2025-12-22 23:34:43 INFO: register_failed
2025-12-22 23:34:44 INFO: login_success
2025-12-22 23:34:44 INFO: register_failed
2025-12-22 23:34:44 INFO: login_success
2025-12-22 23:34:44 INFO: Private route accessed
2025-12-22 23:37:16 INFO: MongoDB connected
2025-12-22 23:37:16 INFO: register_failed
2025-12-22 23:37:16 INFO: register_failed
2025-12-22 23:37:16 INFO: register_failed
2025-12-22 23:37:17 INFO: register_failed
2025-12-22 23:37:17 INFO: login_success
2025-12-22 23:37:17 INFO: register_failed
2025-12-22 23:37:17 INFO: login_failed
2025-12-22 23:37:17 INFO: register_failed
2025-12-22 23:37:17 INFO: login_fail_no_user
2025-12-22 23:37:17 INFO: register_failed
2025-12-22 23:37:18 INFO: login_success
2025-12-22 23:37:18 INFO: register_failed
2025-12-22 23:37:18 INFO: login_success
2025-12-22 23:37:18 INFO: refresh_success
2025-12-22 23:37:18 INFO: register_failed
2025-12-22 23:37:18 INFO: login_success
2025-12-22 23:37:18 INFO: register_failed
2025-12-22 23:37:19 INFO: login_success
2025-12-22 23:37:19 INFO: Private route accessed
2025-12-22 23:38:36 INFO: MongoDB connected
2025-12-22 23:38:37 INFO: register_failed
2025-12-22 23:38:37 INFO: register_failed
2025-12-22 23:38:37 INFO: register_failed
2025-12-22 23:38:37 INFO: register_failed
2025-12-22 23:38:37 INFO: login_success
2025-12-22 23:38:37 INFO: register_failed
2025-12-22 23:38:37 INFO: login_failed
2025-12-22 23:38:37 INFO: register_failed
2025-12-22 23:38:37 INFO: login_fail_no_user
2025-12-22 23:38:37 INFO: register_failed
2025-12-22 23:38:38 INFO: login_success
2025-12-22 23:38:38 INFO: register_failed
2025-12-22 23:38:38 INFO: login_success
2025-12-22 23:38:38 INFO: refresh_success
2025-12-22 23:38:38 INFO: register_failed
2025-12-22 23:38:39 INFO: login_success
2025-12-22 23:38:39 INFO: register_failed
2025-12-22 23:38:39 INFO: login_success
2025-12-22 23:38:39 INFO: Private route accessed
2025-12-22 23:41:42 INFO: MongoDB connected
2025-12-22 23:41:42 INFO: Server started on port 4000
2025-12-22 23:41:47 INFO: login_fail_no_user
2025-12-22 23:41:51 INFO: register_success
2025-12-22 23:41:54 INFO: register_failed
2025-12-22 23:41:57 INFO: login_success
2025-12-22 23:45:54 INFO: MongoDB connected
2025-12-22 23:45:54 INFO: register_success
2025-12-22 23:45:54 INFO: register_success
2025-12-22 23:45:54 INFO: register_failed
2025-12-22 23:45:55 INFO: register_success
2025-12-22 23:45:55 INFO: login_success
2025-12-22 23:45:55 INFO: register_success
2025-12-22 23:45:56 INFO: login_failed
2025-12-22 23:45:56 INFO: register_success
2025-12-22 23:45:56 INFO: login_fail_no_user
2025-12-22 23:45:56 INFO: register_success
2025-12-22 23:45:57 INFO: login_success
2025-12-22 23:45:57 INFO: register_success
2025-12-22 23:45:57 INFO: login_success
2025-12-22 23:45:57 INFO: refresh_success
2025-12-22 23:45:58 INFO: register_success
2025-12-22 23:45:58 INFO: login_success
2025-12-22 23:45:58 INFO: register_success
2025-12-22 23:45:59 INFO: login_success
2025-12-22 23:45:59 INFO: Private route accessed
2025-12-22 23:49:28 INFO: MongoDB connected
2025-12-22 23:49:28 INFO: register_success
2025-12-22 23:49:29 INFO: register_success
2025-12-22 23:49:29 INFO: register_failed
2025-12-22 23:49:29 INFO: register_success
2025-12-22 23:49:29 INFO: login_success
2025-12-22 23:49:30 INFO: register_success
2025-12-22 23:49:30 INFO: login_failed
2025-12-22 23:49:30 INFO: register_success
2025-12-22 23:49:30 INFO: login_fail_no_user
2025-12-22 23:49:31 INFO: register_success
2025-12-22 23:49:31 INFO: login_success
2025-12-22 23:49:31 INFO: refresh_success
2025-12-22 23:49:31 INFO: register_success
2025-12-22 23:49:31 INFO: login_success
2025-12-22 23:49:32 INFO: register_success
2025-12-22 23:49:32 INFO: login_success
2025-12-22 23:49:32 INFO: logout
2025-12-22 23:49:32 INFO: register_success
2025-12-22 23:49:33 INFO: login_success
2025-12-22 23:49:33 INFO: Private route accessed
2025-12-22 23:59:50 INFO: MongoDB connected
2025-12-22 23:59:50 INFO: register_success
2025-12-22 23:59:51 INFO: register_success
2025-12-22 23:59:51 INFO: register_failed
2025-12-22 23:59:51 INFO: register_success
2025-12-22 23:59:51 INFO: login_success
2025-12-22 23:59:52 INFO: register_success
2025-12-22 23:59:52 INFO: login_failed
2025-12-22 23:59:52 INFO: register_success
2025-12-22 23:59:52 INFO: login_fail_no_user
2025-12-22 23:59:52 INFO: register_success
2025-12-22 23:59:53 INFO: login_success
2025-12-22 23:59:53 INFO: refresh_success
2025-12-22 23:59:53 INFO: register_success
2025-12-22 23:59:53 INFO: login_success
2025-12-22 23:59:54 INFO: register_success
2025-12-22 23:59:54 INFO: login_success
2025-12-22 23:59:54 INFO: logout
2025-12-22 23:59:54 INFO: register_success
2025-12-22 23:59:55 INFO: login_success
2025-12-22 23:59:55 INFO: Private route accessed
2025-12-23 00:00:35 INFO: MongoDB connected
2025-12-23 00:00:36 INFO: register_success
2025-12-23 00:00:36 INFO: register_success
2025-12-23 00:00:36 INFO: register_failed
2025-12-23 00:00:36 INFO: register_success
2025-12-23 00:00:37 INFO: login_success
2025-12-23 00:00:37 INFO: register_success
2025-12-23 00:00:37 INFO: login_failed
2025-12-23 00:00:37 INFO: register_success
2025-12-23 00:00:38 INFO: login_fail_no_user
2025-12-23 00:00:38 INFO: register_success
2025-12-23 00:00:38 INFO: login_success
2025-12-23 00:00:38 INFO: refresh_success
2025-12-23 00:00:38 INFO: register_success
2025-12-23 00:00:39 INFO: login_success
2025-12-23 00:00:39 INFO: register_success
2025-12-23 00:00:39 INFO: login_success
2025-12-23 00:00:39 INFO: logout
2025-12-23 00:00:40 INFO: register_success
2025-12-23 00:00:40 INFO: login_success
2025-12-23 00:00:40 INFO: Private route accessed
2025-12-23 00:01:37 INFO: MongoDB connected
2025-12-23 00:01:38 INFO: register_success
2025-12-23 00:01:38 INFO: register_success
2025-12-23 00:01:38 INFO: register_failed
2025-12-23 00:01:39 INFO: register_success
2025-12-23 00:01:39 INFO: login_success
2025-12-23 00:01:39 INFO: register_success
2025-12-23 00:01:39 INFO: login_failed
2025-12-23 00:01:40 INFO: register_success
2025-12-23 00:01:40 INFO: login_fail_no_user
2025-12-23 00:01:40 INFO: register_success
2025-12-23 00:01:40 INFO: login_success
2025-12-23 00:01:40 INFO: refresh_success
2025-12-23 00:01:41 INFO: register_success
2025-12-23 00:01:41 INFO: login_success
2025-12-23 00:01:41 INFO: register_success
2025-12-23 00:01:42 INFO: login_success
2025-12-23 00:01:42 INFO: logout
2025-12-23 00:01:42 INFO: register_success
2025-12-23 00:01:42 INFO: login_success
2025-12-23 00:01:42 INFO: Private route accessed
2025-12-23 00:02:35 INFO: MongoDB connected
2025-12-23 00:02:35 INFO: register_success
2025-12-23 00:02:35 INFO: register_success
2025-12-23 00:02:35 INFO: register_failed
2025-12-23 00:02:36 INFO: register_success
2025-12-23 00:02:36 INFO: login_success
2025-12-23 00:02:36 INFO: register_success
2025-12-23 00:02:37 INFO: login_failed
2025-12-23 00:02:37 INFO: register_success
2025-12-23 00:02:37 INFO: login_fail_no_user
2025-12-23 00:02:37 INFO: register_success
2025-12-23 00:02:38 INFO: login_success
2025-12-23 00:02:38 INFO: refresh_success
2025-12-23 00:02:38 INFO: register_success
2025-12-23 00:02:38 INFO: login_success
2025-12-23 00:02:39 INFO: register_success
2025-12-23 00:02:39 INFO: login_success
2025-12-23 00:02:39 INFO: logout
2025-12-23 00:02:39 INFO: register_success
2025-12-23 00:02:40 INFO: login_success
2025-12-23 00:02:40 INFO: Private route accessed
2025-12-23 00:06:29 INFO: MongoDB connected
2025-12-23 00:06:30 INFO: register_success
2025-12-23 00:06:30 INFO: register_success
2025-12-23 00:06:30 INFO: register_failed
2025-12-23 00:06:31 INFO: register_success
2025-12-23 00:06:31 INFO: login_success
2025-12-23 00:06:31 INFO: register_success
2025-12-23 00:06:32 INFO: login_failed
2025-12-23 00:06:32 INFO: register_success
2025-12-23 00:06:32 INFO: login_fail_no_user
2025-12-23 00:06:32 INFO: register_success
2025-12-23 00:06:32 INFO: login_success
2025-12-23 00:06:33 INFO: refresh_success
2025-12-23 00:06:33 INFO: register_success
2025-12-23 00:06:33 INFO: login_success
2025-12-23 00:06:33 INFO: register_success
2025-12-23 00:06:34 INFO: login_success
2025-12-23 00:06:34 INFO: logout
2025-12-23 00:06:34 INFO: register_success
2025-12-23 00:06:34 INFO: login_success
2025-12-23 00:06:34 INFO: Private route accessed
2025-12-23 00:06:57 INFO: MongoDB connected
2025-12-23 00:06:57 INFO: Server started on port 4000
2025-12-23 00:07:05 INFO: login_success
2025-12-23 00:07:09 INFO: refresh_success
2025-12-23 00:07:12 INFO: logout
2025-12-23 00:07:15 INFO: login_success
2025-12-23 00:07:18 INFO: refresh_success
2025-12-23 00:07:21 INFO: register_failed
2025-12-23 00:07:24 INFO: login_success
2025-12-23 00:07:26 INFO: refresh_success
2025-12-23 00:07:27 INFO: refresh_success
2025-12-23 00:07:30 INFO: logout
2025-12-23 00:07:37 INFO: login_success
2025-12-23 00:07:41 INFO: refresh_success
2025-12-23 00:07:43 INFO: refresh_success
2025-12-23 00:07:45 INFO: logout
2025-12-23 00:08:50 INFO: MongoDB connected
2025-12-23 00:08:51 INFO: register_success
2025-12-23 00:08:51 INFO: register_success
2025-12-23 00:08:51 INFO: register_failed
2025-12-23 00:08:51 INFO: register_success
2025-12-23 00:08:52 INFO: login_success
2025-12-23 00:08:52 INFO: register_success
2025-12-23 00:08:52 INFO: login_failed
2025-12-23 00:08:53 INFO: register_success
2025-12-23 00:08:53 INFO: login_fail_no_user
2025-12-23 00:08:53 INFO: register_success
2025-12-23 00:08:53 INFO: login_success
2025-12-23 00:08:53 INFO: refresh_success
2025-12-23 00:08:54 INFO: register_success
2025-12-23 00:08:54 INFO: login_success
2025-12-23 00:08:54 INFO: register_success
2025-12-23 00:08:55 INFO: login_success
2025-12-23 00:08:55 INFO: logout
2025-12-23 00:08:55 INFO: register_success
2025-12-23 00:08:55 INFO: login_success
2025-12-23 00:08:55 INFO: Private route accessed
2025-12-23 00:10:30 INFO: MongoDB connected
2025-12-23 00:10:30 INFO: register_success
2025-12-23 00:10:30 INFO: register_success
2025-12-23 00:10:30 INFO: register_failed
2025-12-23 00:10:31 INFO: register_success
2025-12-23 00:10:31 INFO: login_success
2025-12-23 00:10:31 INFO: register_success
2025-12-23 00:10:32 INFO: login_failed
2025-12-23 00:10:32 INFO: register_success
2025-12-23 00:10:32 INFO: login_fail_no_user
2025-12-23 00:10:32 INFO: register_success
2025-12-23 00:10:33 INFO: login_success
2025-12-23 00:10:33 INFO: refresh_success
2025-12-23 00:10:33 INFO: register_success
2025-12-23 00:10:33 INFO: login_success
2025-12-23 00:10:33 INFO: register_success
2025-12-23 00:10:34 INFO: login_success
2025-12-23 00:10:34 INFO: logout
2025-12-23 00:10:34 INFO: register_success
2025-12-23 00:10:34 INFO: login_success
2025-12-23 00:10:34 INFO: Private route accessed
2025-12-23 01:31:49 INFO: MongoDB connected
2025-12-23 01:31:50 INFO: register_success
2025-12-23 01:31:50 INFO: register_success
2025-12-23 01:31:50 INFO: register_failed
2025-12-23 01:31:51 INFO: register_success
2025-12-23 01:31:51 INFO: login_success
2025-12-23 01:31:51 INFO: register_success
2025-12-23 01:31:52 INFO: login_failed
2025-12-23 01:31:52 INFO: register_success
2025-12-23 01:31:52 INFO: login_fail_no_user
2025-12-23 01:31:52 INFO: register_success
2025-12-23 01:31:52 INFO: login_success
2025-12-23 01:31:53 INFO: refresh_success
2025-12-23 01:31:53 INFO: register_success
2025-12-23 01:31:53 INFO: login_success
2025-12-23 01:31:53 INFO: register_success
2025-12-23 01:31:54 INFO: login_success
2025-12-23 01:31:54 INFO: logout
2025-12-23 01:31:54 INFO: register_success
2025-12-23 01:31:54 INFO: login_success
2025-12-23 01:31:54 INFO: Private route accessed
